Arguments: 
  /home/shuvo/.nvm/versions/node/v6.10.2/bin/node /home/shuvo/.nvm/versions/node/v6.10.2/bin/yarn

PATH: 
  /home/shuvo/.nvm/versions/node/v6.10.2/bin:/home/shuvo/bin:/opt/lampp/bin:/home/shuvo/.composer/vendor/bin:/usr/local/bin:/home/shuvo/bin:/home/shuvo/.local/bin:/usr/local/sbin:/usr/local/bin:/usr/sbin:/usr/bin:/sbin:/bin:/usr/games:/usr/local/games:/snap/bin

Yarn version: 
  0.22.0

Node version: 
  6.10.2

Platform: 
  linux x64

npm manifest: 
  {
    "name": "github",
    "version": "1.0.0",
    "description": "",
    "main": "index.js",
    "scripts": {
      "test": "echo \"Error: no test specified\" && exit 1"
    },
    "keywords": [],
    "author": "",
    "license": "ISC",
    "dependencies": {
      "gulp": "^3.9.1",
      "gulp-less": "^3.3.0"
    }
  }

yarn manifest: 
  No manifest

Lockfile: 
  No lockfile

Trace: 
  Error: getaddrinfo EAI_AGAIN registry.yarnpkg.com:443
      at Object.exports._errnoException (util.js:1018:11)
      at errnoException (dns.js:33:15)
      at GetAddrInfoReqWrap.onlookup [as oncomplete] (dns.js:76:26)
